c:\users\msral-user\desktop\closeloop\msral_micro_force_sensor\x64\release\vc140.pdb
c:\users\msral-user\desktop\color tracking\msral_micro_force_sensor\x64\release\vc140.pdb
c:\users\msral-user\desktop\color tracking\msral_micro_force_sensor\x64\release\tracking.obj
c:\users\msral-user\desktop\color tracking\msral_micro_force_sensor\x64\release\serial.obj
c:\users\msral-user\desktop\color tracking\msral_micro_force_sensor\x64\release\microobject.obj
c:\users\msral-user\desktop\color tracking\msral_micro_force_sensor\x64\release\gui.obj
c:\users\msral-user\desktop\color tracking\msral_micro_force_sensor\x64\release\control.obj
c:\users\msral-user\desktop\color tracking\msral_micro_force_sensor\x64\release\coildriver.obj
c:\users\msral-user\desktop\color tracking\x64\release\msral_micro_force_sensor.exe
c:\users\msral-user\desktop\color tracking\x64\release\msral_micro_force_sensor.ipdb
c:\users\msral-user\desktop\color tracking\x64\release\msral_micro_force_sensor.iobj
c:\users\msral-user\desktop\color tracking\x64\release\msral_micro_force_sensor.pdb
c:\users\msral-user\desktop\color tracking\msral_micro_force_sensor\x64\release\videoprocessorvideo.obj
c:\users\msral-user\desktop\color tracking\msral_micro_force_sensor\x64\release\vc141.pdb
c:\users\msral-user\desktop\color tracking\msral_micro_force_sensor\x64\release\msral_mi.a010d844.tlog\cl.command.1.tlog
c:\users\msral-user\desktop\color tracking\msral_micro_force_sensor\x64\release\msral_mi.a010d844.tlog\cl.read.1.tlog
c:\users\msral-user\desktop\color tracking\msral_micro_force_sensor\x64\release\msral_mi.a010d844.tlog\cl.write.1.tlog
c:\users\msral-user\desktop\color tracking\msral_micro_force_sensor\x64\release\msral_mi.a010d844.tlog\link.command.1.tlog
c:\users\msral-user\desktop\color tracking\msral_micro_force_sensor\x64\release\msral_mi.a010d844.tlog\link.read.1.tlog
c:\users\msral-user\desktop\color tracking\msral_micro_force_sensor\x64\release\msral_mi.a010d844.tlog\link.write.1.tlog
